TN:
SF:renderer\config.js
FNF:0
FNH:0
DA:2,0
DA:4,0
DA:5,0
DA:6,0
DA:7,0
DA:8,0
DA:11,0
LF:7
LH:0
BRDA:2,0,0,0
BRDA:2,0,1,0
BRDA:5,1,0,0
BRDA:5,1,1,0
BRDA:7,2,0,0
BRDA:7,2,1,0
BRF:6
BRH:0
end_of_record
TN:
SF:renderer\feed.js
FN:6,generateFeed
FN:13,getFeed
FN:53,getSortedPostsInLanguage
FN:60,(anonymous_3)
FN:73,fillPosts
FNF:5
FNH:0
FNDA:0,generateFeed
FNDA:0,getFeed
FNDA:0,getSortedPostsInLanguage
FNDA:0,(anonymous_3)
FNDA:0,fillPosts
DA:1,0
DA:2,0
DA:3,0
DA:4,0
DA:6,0
DA:7,0
DA:8,0
DA:9,0
DA:10,0
DA:14,0
DA:15,0
DA:17,0
DA:38,0
DA:39,0
DA:50,0
DA:54,0
DA:56,0
DA:57,0
DA:60,0
DA:61,0
DA:62,0
DA:64,0
DA:65,0
DA:66,0
DA:67,0
DA:69,0
DA:74,0
DA:75,0
DA:76,0
DA:77,0
DA:78,0
DA:80,0
DA:81,0
DA:84,0
DA:85,0
DA:88,0
DA:89,0
DA:93,0
DA:94,0
LF:39
LH:0
BRDA:53,0,0,0
BRDA:64,1,0,0
BRDA:64,1,1,0
BRDA:66,2,0,0
BRDA:66,2,1,0
BRDA:73,3,0,0
BRDA:77,4,0,0
BRDA:77,4,1,0
BRDA:80,5,0,0
BRDA:80,5,1,0
BRDA:88,6,0,0
BRDA:88,6,1,0
BRDA:88,7,0,0
BRDA:88,7,1,0
BRDA:93,8,0,0
BRDA:93,8,1,0
BRF:16
BRH:0
end_of_record
TN:
SF:renderer\render.js
FN:42,renderURL
FN:53,(anonymous_1)
FN:54,(anonymous_2)
FN:63,getMatomoID
FN:73,validateRenderContext
FNF:5
FNH:0
FNDA:0,renderURL
FNDA:0,(anonymous_1)
FNDA:0,(anonymous_2)
FNDA:0,getMatomoID
FNDA:0,validateRenderContext
DA:1,0
DA:2,0
DA:3,0
DA:4,0
DA:5,0
DA:6,0
DA:7,0
DA:8,0
DA:9,0
DA:12,0
DA:15,0
DA:16,0
DA:18,0
DA:29,0
DA:42,0
DA:43,0
DA:44,0
DA:45,0
DA:53,0
DA:54,0
DA:55,0
DA:56,0
DA:58,0
DA:59,0
DA:64,0
DA:65,0
DA:67,0
DA:74,0
DA:75,0
DA:77,0
DA:78,0
DA:80,0
DA:81,0
LF:33
LH:0
BRDA:64,0,0,0
BRDA:64,0,1,0
BRDA:74,1,0,0
BRDA:74,1,1,0
BRDA:77,2,0,0
BRDA:77,2,1,0
BRDA:80,3,0,0
BRDA:80,3,1,0
BRF:8
BRH:0
end_of_record
TN:
SF:renderer\robots.js
FN:7,generateRobots
FNF:1
FNH:0
FNDA:0,generateRobots
DA:1,0
DA:2,0
DA:3,0
DA:4,0
DA:5,0
DA:7,0
DA:8,0
DA:9,0
DA:10,0
DA:11,0
LF:10
LH:0
BRF:0
BRH:0
end_of_record
TN:
SF:renderer\sitemap.js
FN:8,generateSitemap
FN:9,(anonymous_1)
FNF:2
FNH:0
FNDA:0,generateSitemap
FNDA:0,(anonymous_1)
DA:2,0
DA:3,0
DA:8,0
DA:9,0
DA:10,0
LF:5
LH:0
BRF:0
BRH:0
end_of_record
TN:
SF:renderer\dev\server.js
FN:13,requestListener
FN:46,injectBrowserRestart
FN:60,isValidPublicFile
FNF:3
FNH:0
FNDA:0,requestListener
FNDA:0,injectBrowserRestart
FNDA:0,isValidPublicFile
DA:1,0
DA:2,0
DA:3,0
DA:4,0
DA:17,0
DA:18,0
DA:19,0
DA:22,0
DA:23,0
DA:26,0
DA:27,0
DA:31,0
DA:32,0
DA:33,0
DA:36,0
DA:38,0
DA:39,0
DA:47,0
DA:48,0
DA:51,0
DA:52,0
DA:61,0
DA:62,0
DA:64,0
DA:65,0
DA:67,0
DA:68,0
DA:70,0
DA:71,0
DA:73,0
DA:74,0
DA:76,0
DA:80,0
LF:33
LH:0
BRDA:17,0,0,0
BRDA:17,0,1,0
BRDA:22,1,0,0
BRDA:22,1,1,0
BRDA:47,2,0,0
BRDA:47,2,1,0
BRDA:61,3,0,0
BRDA:61,3,1,0
BRDA:64,4,0,0
BRDA:64,4,1,0
BRDA:67,5,0,0
BRDA:67,5,1,0
BRDA:70,6,0,0
BRDA:70,6,1,0
BRDA:73,7,0,0
BRDA:73,7,1,0
BRDA:80,8,0,0
BRDA:80,8,1,0
BRF:18
BRH:0
end_of_record
TN:
SF:renderer\dev\lib\listen.js
FN:6,listen
FN:11,(anonymous_1)
FN:16,(anonymous_2)
FN:17,(anonymous_3)
FN:38,registerShutdown
FN:41,(anonymous_5)
FNF:6
FNH:0
FNDA:0,listen
FNDA:0,(anonymous_1)
FNDA:0,(anonymous_2)
FNDA:0,(anonymous_3)
FNDA:0,registerShutdown
FNDA:0,(anonymous_5)
DA:1,0
DA:6,0
DA:7,0
DA:9,0
DA:11,0
DA:12,0
DA:13,0
DA:16,0
DA:17,0
DA:18,0
DA:22,0
DA:23,0
DA:29,0
DA:32,0
DA:39,0
DA:41,0
DA:42,0
DA:43,0
DA:44,0
DA:48,0
DA:49,0
DA:50,0
LF:22
LH:0
BRDA:22,0,0,0
BRDA:22,0,1,0
BRDA:42,1,0,0
BRDA:42,1,1,0
BRF:4
BRH:0
end_of_record
TN:
SF:renderer\generate\clean.js
FN:14,getAllPublicFilesInGitIgnore
FN:21,(anonymous_1)
FN:27,cleanEmptyFoldersRecursively
FN:30,(anonymous_3)
FN:42,(anonymous_4)
FNF:5
FNH:0
FNDA:0,getAllPublicFilesInGitIgnore
FNDA:0,(anonymous_1)
FNDA:0,cleanEmptyFoldersRecursively
FNDA:0,(anonymous_3)
FNDA:0,(anonymous_4)
DA:1,0
DA:2,0
DA:3,0
DA:4,0
DA:15,0
DA:17,0
DA:18,0
DA:19,0
DA:21,0
DA:28,0
DA:30,0
DA:31,0
DA:32,0
DA:37,0
DA:38,0
DA:42,0
DA:43,0
DA:45,0
DA:46,0
DA:49,0
DA:50,0
DA:53,0
DA:56,0
DA:58,0
LF:24
LH:0
BRDA:28,0,0,0
BRDA:28,0,1,0
BRDA:37,1,0,0
BRDA:37,1,1,0
BRDA:45,2,0,0
BRDA:45,2,1,0
BRDA:49,3,0,0
BRDA:49,3,1,0
BRF:8
BRH:0
end_of_record
TN:
SF:renderer\generate\feed.js
FN:8,main
FNF:1
FNH:0
FNDA:0,main
DA:1,0
DA:2,0
DA:3,0
DA:4,0
DA:5,0
DA:6,0
DA:9,0
DA:10,0
DA:12,0
DA:13,0
DA:15,0
DA:18,0
LF:12
LH:0
BRF:0
BRH:0
end_of_record
TN:
SF:renderer\generate\index.js
FN:16,generateAll
FN:23,main
FN:46,(anonymous_2)
FN:51,(anonymous_3)
FN:56,(anonymous_4)
FN:62,(anonymous_5)
FNF:6
FNH:0
FNDA:0,generateAll
FNDA:0,main
FNDA:0,(anonymous_2)
FNDA:0,(anonymous_3)
FNDA:0,(anonymous_4)
FNDA:0,(anonymous_5)
DA:1,0
DA:2,0
DA:4,0
DA:5,0
DA:6,0
DA:7,0
DA:8,0
DA:9,0
DA:10,0
DA:17,0
DA:18,0
DA:19,0
DA:24,0
DA:25,0
DA:26,0
DA:27,0
DA:28,0
DA:29,0
DA:30,0
DA:32,0
DA:33,0
DA:34,0
DA:37,0
DA:38,0
DA:40,0
DA:41,0
DA:42,0
DA:45,0
DA:46,0
DA:47,0
DA:48,0
DA:49,0
DA:50,0
DA:51,0
DA:55,0
DA:56,0
DA:57,0
DA:58,0
DA:59,0
DA:60,0
DA:61,0
DA:62,0
DA:67,0
LF:43
LH:0
BRDA:24,0,0,0
BRDA:24,0,1,0
BRDA:47,1,0,0
BRDA:47,1,1,0
BRDA:49,2,0,0
BRDA:49,2,1,0
BRDA:55,3,0,0
BRDA:55,3,1,0
BRF:8
BRH:0
end_of_record
TN:
SF:renderer\generate\lib\getRoutes.js
FN:13,getRoutes
FN:15,(anonymous_1)
FN:19,(anonymous_2)
FN:22,(anonymous_3)
FN:33,(anonymous_4)
FN:35,(anonymous_5)
FN:36,(anonymous_6)
FN:37,(anonymous_7)
FN:49,getPosts
FN:70,fillLinksWithLanguages
FNF:10
FNH:10
FNDA:1,getRoutes
FNDA:1245,(anonymous_1)
FNDA:216,(anonymous_2)
FNDA:28,(anonymous_3)
FNDA:1245,(anonymous_4)
FNDA:76,(anonymous_5)
FNDA:76,(anonymous_6)
FNDA:76,(anonymous_7)
FNDA:2,getPosts
FNDA:1,fillLinksWithLanguages
DA:1,1
DA:2,1
DA:3,1
DA:4,1
DA:5,1
DA:6,1
DA:13,1
DA:14,1
DA:15,1245
DA:17,1
DA:18,1
DA:19,216
DA:22,1
DA:23,28
DA:24,28
DA:25,28
DA:26,28
DA:29,1
DA:33,1245
DA:35,76
DA:36,76
DA:37,76
DA:44,1
DA:46,1
DA:50,2
DA:51,2
DA:52,283
DA:53,283
DA:54,283
DA:55,1
DA:58,282
DA:59,282
DA:60,282
DA:62,2
DA:72,1
DA:73,1
DA:74,2003
DA:75,0
DA:77,2003
DA:79,1
DA:80,1
LF:41
LH:40
BRDA:54,0,0,1
BRDA:54,0,1,282
BRDA:74,1,0,0
BRDA:74,1,1,2003
BRF:4
BRH:3
end_of_record
TN:
SF:renderer\generate\lib\resolveFiles.js
FN:3,resolveFiles
FN:18,getRouteKeyForFile
FNF:2
FNH:0
FNDA:0,resolveFiles
FNDA:0,getRouteKeyForFile
DA:1,0
DA:3,0
DA:4,0
DA:6,0
DA:8,0
DA:9,0
DA:10,0
DA:11,0
DA:15,0
DA:19,0
LF:10
LH:0
BRDA:10,0,0,0
BRDA:10,0,1,0
BRDA:10,1,0,0
BRDA:10,1,1,0
BRF:4
BRH:0
end_of_record
TN:
SF:renderer\generate\lib\writeFileToPublic.js
FN:7,writeFileToPublic
FNF:1
FNH:0
FNDA:0,writeFileToPublic
DA:1,0
DA:2,0
DA:3,0
DA:4,0
DA:5,0
DA:7,0
DA:8,0
DA:9,0
DA:10,0
DA:11,0
LF:10
LH:0
BRF:0
BRH:0
end_of_record
TN:
SF:renderer\lib\renderHrefLang.js
FN:7,renderHrefLang
FN:9,(anonymous_1)
FNF:2
FNH:2
FNDA:1,renderHrefLang
FNDA:3,(anonymous_1)
DA:1,1
DA:7,1
DA:8,1
DA:9,3
LF:4
LH:4
BRF:0
BRH:0
end_of_record
TN:
SF:renderer\lib\renderPageScripts.js
FN:9,renderPageScripts
FN:19,addScript
FNF:2
FNH:2
FNDA:1,renderPageScripts
FNDA:2,addScript
DA:1,1
DA:2,1
DA:9,1
DA:10,1
DA:12,1
DA:13,2
DA:16,1
DA:20,2
DA:21,2
DA:25,2
DA:26,2
DA:27,0
DA:28,0
DA:31,2
DA:32,2
DA:33,7
DA:34,7
DA:35,6
DA:38,7
DA:39,7
DA:40,6
LF:21
LH:19
BRDA:21,0,0,0
BRDA:21,0,1,2
BRDA:26,1,0,0
BRDA:26,1,1,2
BRDA:34,2,0,6
BRDA:34,2,1,1
BRDA:39,3,0,6
BRDA:39,3,1,1
BRF:8
BRH:6
end_of_record
TN:
SF:renderer\siteData\index.js
FN:17,removeEmails
FN:18,(anonymous_1)
FN:24,sliceObject
FN:26,(anonymous_3)
FN:35,getSiteData
FN:55,(anonymous_5)
FN:77,readMarkdownFiles
FN:78,(anonymous_7)
FN:81,readHTMLFiles
FN:82,(anonymous_9)
FN:85,readFilesOfType
FN:117,normalizePath
FNF:12
FNH:9
FNDA:2,removeEmails
FNDA:2490,(anonymous_1)
FNDA:0,sliceObject
FNDA:0,(anonymous_3)
FNDA:2,getSiteData
FNDA:0,(anonymous_5)
FNDA:8,readMarkdownFiles
FNDA:3066,(anonymous_7)
FNDA:2,readHTMLFiles
FNDA:6,(anonymous_9)
FNDA:10,readFilesOfType
FNDA:3072,normalizePath
DA:1,2
DA:2,2
DA:3,2
DA:4,2
DA:5,2
DA:6,2
DA:7,2
DA:8,2
DA:12,2
DA:14,2
DA:15,2
DA:18,2
DA:19,2490
DA:21,2
DA:25,0
DA:26,0
DA:35,2
DA:36,2
DA:37,2
DA:38,2
DA:46,2
DA:47,0
DA:52,0
DA:53,0
DA:55,0
DA:59,0
DA:66,2
DA:71,2
DA:74,2
DA:78,3066
DA:82,6
DA:86,10
DA:88,10
DA:89,10
DA:90,10
DA:93,10
DA:94,3072
DA:95,3072
DA:96,3072
DA:97,3072
DA:98,3072
DA:99,3072
DA:105,0
DA:109,10
DA:118,3072
DA:119,2490
DA:121,582
LF:47
LH:39
BRDA:19,0,0,1562
BRDA:19,0,1,928
BRDA:36,1,0,2
BRDA:36,1,1,0
BRDA:46,2,0,0
BRDA:46,2,1,2
BRDA:46,3,0,2
BRDA:46,3,1,2
BRDA:49,4,0,0
BRDA:49,4,1,0
BRDA:50,5,0,0
BRDA:50,5,1,0
BRDA:53,6,0,0
BRDA:53,6,1,0
BRDA:77,7,0,6
BRDA:81,8,0,2
BRDA:85,9,0,0
BRDA:118,10,0,2490
BRDA:118,10,1,582
BRF:19
BRH:10
end_of_record
TN:
SF:src\App.vue
FN:25,(anonymous_2)
FN:33,(anonymous_3)
FN:40,(anonymous_4)
FNF:3
FNH:0
FNDA:0,(anonymous_2)
FNDA:0,(anonymous_3)
FNDA:0,(anonymous_4)
DA:21,0
DA:22,0
DA:25,0
DA:34,0
DA:35,0
DA:37,0
DA:41,0
DA:42,0
LF:8
LH:0
BRDA:34,0,0,0
BRDA:34,0,1,0
BRDA:41,1,0,0
BRDA:41,1,1,0
BRDA:41,2,0,0
BRDA:41,2,1,0
BRF:6
BRH:0
end_of_record
TN:
SF:src\entry.js
FN:11,entry
FN:20,(anonymous_1)
FNF:2
FNH:0
FNDA:0,entry
FNDA:0,(anonymous_1)
DA:12,0
DA:16,0
DA:18,0
DA:23,0
DA:28,0
DA:33,0
DA:34,0
LF:7
LH:0
BRF:0
BRH:0
end_of_record
TN:
SF:src\extendVue.js
FN:4,extendVue
FNF:1
FNH:0
FNDA:0,extendVue
DA:5,0
DA:6,0
LF:2
LH:0
BRF:0
BRH:0
end_of_record
TN:
SF:src\router.vue
FN:16,importAll
FN:18,(anonymous_3)
FN:29,(anonymous_4)
FNF:3
FNH:0
FNDA:0,importAll
FNDA:0,(anonymous_3)
FNDA:0,(anonymous_4)
DA:8,0
DA:9,0
DA:14,0
DA:15,0
DA:17,0
DA:18,0
DA:20,0
DA:21,0
DA:30,0
DA:32,0
DA:33,0
DA:35,0
DA:37,0
DA:38,0
DA:43,0
DA:44,0
DA:49,0
DA:50,0
DA:53,0
LF:19
LH:0
BRDA:35,0,0,0
BRDA:35,0,1,0
BRDA:43,1,0,0
BRDA:43,1,1,0
BRF:4
BRH:0
end_of_record
TN:
SF:src\setupVueInstance.js
FN:5,setupVueInstance
FNF:1
FNH:0
FNDA:0,setupVueInstance
DA:8,0
DA:12,0
DA:16,0
LF:3
LH:0
BRF:0
BRH:0
end_of_record
TN:
SF:src\components\LazyImage.vue
FN:32,(anonymous_1)
FN:39,(anonymous_2)
FN:40,(anonymous_3)
FN:52,(anonymous_4)
FN:58,(anonymous_5)
FNF:5
FNH:0
FNDA:0,(anonymous_1)
FNDA:0,(anonymous_2)
FNDA:0,(anonymous_3)
FNDA:0,(anonymous_4)
FNDA:0,(anonymous_5)
DA:29,0
DA:33,0
DA:40,0
DA:41,0
DA:42,0
DA:43,0
DA:44,0
DA:45,0
DA:50,0
DA:53,0
DA:54,0
DA:59,0
LF:12
LH:0
BRDA:42,0,0,0
BRDA:42,0,1,0
BRDA:44,1,0,0
BRDA:44,1,1,0
BRDA:53,2,0,0
BRDA:53,2,1,0
BRF:6
BRH:0
end_of_record
TN:
SF:src\components\icons.js
FN:23,(anonymous_0)
FN:37,formatName
FNF:2
FNH:0
FNDA:0,(anonymous_0)
FNDA:0,formatName
DA:4,0
DA:24,0
DA:25,0
DA:26,0
DA:38,0
LF:5
LH:0
BRF:0
BRH:0
end_of_record
TN:
SF:src\components\setupGlobalComponents.js
FN:7,(anonymous_0)
FNF:1
FNH:0
FNDA:0,(anonymous_0)
DA:8,0
LF:1
LH:0
BRF:0
BRH:0
end_of_record
TN:
SF:src\components\elements\DateRange.vue
FN:17,(anonymous_1)
FN:18,(anonymous_2)
FN:19,(anonymous_3)
FN:21,(anonymous_4)
FNF:4
FNH:0
FNDA:0,(anonymous_1)
FNDA:0,(anonymous_2)
FNDA:0,(anonymous_3)
FNDA:0,(anonymous_4)
DA:6,0
DA:7,0
DA:17,0
DA:18,0
DA:19,0
DA:22,0
DA:23,0
DA:26,0
DA:27,0
DA:28,0
DA:29,0
DA:31,0
DA:35,0
DA:39,0
DA:40,0
DA:42,0
LF:16
LH:0
BRDA:22,0,0,0
BRDA:22,0,1,0
BRDA:26,1,0,0
BRDA:26,1,1,0
BRDA:27,2,0,0
BRDA:27,2,1,0
BRDA:28,3,0,0
BRDA:28,3,1,0
BRDA:39,4,0,0
BRDA:39,4,1,0
BRF:10
BRH:0
end_of_record
TN:
SF:src\components\elements\DropdownLinks.vue
FN:32,(anonymous_1)
FNF:1
FNH:0
FNDA:0,(anonymous_1)
DA:33,0
DA:34,0
DA:35,0
DA:38,0
LF:4
LH:0
BRDA:34,0,0,0
BRDA:34,0,1,0
BRF:2
BRH:0
end_of_record
TN:
SF:src\components\elements\EventStartDateBadge.vue
FNF:0
FNH:0
DA:15,0
DA:16,0
LF:2
LH:0
BRF:0
BRH:0
end_of_record
TN:
SF:src\components\elements\LanguageSwitcher.vue
FN:26,(anonymous_2)
FN:27,(anonymous_3)
FNF:2
FNH:0
FNDA:0,(anonymous_2)
FNDA:0,(anonymous_3)
DA:17,0
DA:18,0
DA:19,0
DA:27,0
DA:28,0
LF:5
LH:0
BRDA:30,0,0,0
BRDA:30,0,1,0
BRF:2
BRH:0
end_of_record
TN:
SF:src\components\elements\LinkTo.vue
FN:17,(anonymous_1)
FN:23,(anonymous_2)
FN:29,(anonymous_3)
FN:32,(anonymous_4)
FN:40,(anonymous_5)
FN:45,(anonymous_6)
FNF:6
FNH:0
FNDA:0,(anonymous_1)
FNDA:0,(anonymous_2)
FNDA:0,(anonymous_3)
FNDA:0,(anonymous_4)
FNDA:0,(anonymous_5)
FNDA:0,(anonymous_6)
DA:6,0
DA:18,0
DA:19,0
DA:21,0
DA:24,0
DA:25,0
DA:27,0
DA:30,0
DA:33,0
DA:34,0
DA:35,0
DA:36,0
DA:38,0
DA:41,0
DA:42,0
DA:46,0
DA:47,0
DA:48,0
DA:50,0
LF:19
LH:0
BRDA:18,0,0,0
BRDA:18,0,1,0
BRDA:24,1,0,0
BRDA:24,1,1,0
BRDA:33,2,0,0
BRDA:33,2,1,0
BRDA:35,3,0,0
BRDA:35,3,1,0
BRDA:41,4,0,0
BRDA:41,4,1,0
BRDA:46,5,0,0
BRDA:46,5,1,0
BRDA:47,6,0,0
BRDA:47,6,1,0
BRF:14
BRH:0
end_of_record
TN:
SF:src\components\elements\NavFooter.vue
FNF:0
FNH:0
DA:45,0
LF:1
LH:0
BRF:0
BRH:0
end_of_record
TN:
SF:src\components\elements\NavHeader.vue
FN:42,(anonymous_2)
FN:62,(anonymous_3)
FN:68,(anonymous_4)
FNF:3
FNH:0
FNDA:0,(anonymous_2)
FNDA:0,(anonymous_3)
FNDA:0,(anonymous_4)
DA:35,0
DA:43,0
DA:44,0
DA:46,0
DA:47,0
DA:49,0
DA:50,0
DA:52,0
DA:53,0
DA:55,0
DA:56,0
DA:58,0
DA:63,0
DA:64,0
DA:66,0
DA:69,0
LF:16
LH:0
BRDA:43,0,0,0
BRDA:43,0,1,0
BRDA:44,1,0,0
BRDA:44,1,1,0
BRDA:46,2,0,0
BRDA:46,2,1,0
BRDA:47,3,0,0
BRDA:47,3,1,0
BRDA:49,4,0,0
BRDA:49,4,1,0
BRDA:50,5,0,0
BRDA:50,5,1,0
BRDA:52,6,0,0
BRDA:52,6,1,0
BRDA:53,7,0,0
BRDA:53,7,1,0
BRDA:55,8,0,0
BRDA:55,8,1,0
BRDA:56,9,0,0
BRDA:56,9,1,0
BRDA:58,10,0,0
BRDA:58,10,1,0
BRDA:63,11,0,0
BRDA:63,11,1,0
BRDA:69,12,0,0
BRDA:69,12,1,0
BRF:26
BRH:0
end_of_record
TN:
SF:src\i18n\async.js
FN:12,(anonymous_0)
FN:21,(anonymous_1)
FNF:2
FNH:0
FNDA:0,(anonymous_0)
FNDA:0,(anonymous_1)
DA:10,0
DA:11,0
DA:12,0
DA:15,0
DA:22,0
DA:26,0
DA:27,0
DA:28,0
DA:29,0
DA:31,0
DA:35,0
LF:11
LH:0
BRDA:26,0,0,0
BRDA:26,0,1,0
BRDA:36,1,0,0
BRDA:36,1,1,0
BRF:4
BRH:0
end_of_record
TN:
SF:src\i18n\config.js
FNF:0
FNH:0
DA:2,8
DA:17,8
DA:24,8
DA:30,8
LF:4
LH:4
BRDA:24,0,0,0
BRDA:24,0,1,8
BRDA:26,1,0,0
BRDA:26,1,1,8
BRF:4
BRH:2
end_of_record
TN:
SF:src\i18n\getChoiceIndex.js
FN:17,getChoiceIndex
FN:32,getChoiceIndexPolish
FNF:2
FNH:2
FNDA:29,getChoiceIndex
FNDA:23,getChoiceIndexPolish
DA:3,1
DA:18,29
DA:19,23
DA:22,6
DA:33,23
DA:34,5
DA:37,18
DA:38,18
DA:39,18
DA:40,18
DA:42,18
DA:43,7
DA:46,11
LF:13
LH:13
BRDA:17,0,0,12
BRDA:18,1,0,23
BRDA:18,1,1,6
BRDA:33,2,0,5
BRDA:33,2,1,18
BRDA:33,3,0,23
BRDA:33,3,1,21
BRDA:37,4,0,18
BRDA:37,4,1,12
BRDA:42,5,0,7
BRDA:42,5,1,11
BRDA:42,6,0,18
BRDA:42,6,1,13
BRDA:42,6,2,10
BRDA:42,6,3,8
BRF:15
BRH:15
end_of_record
TN:
SF:src\i18n\index.js
FN:22,(anonymous_0)
FNF:1
FNH:1
FNDA:1,(anonymous_0)
DA:5,1
DA:6,1
DA:7,12
DA:8,12
DA:10,0
DA:14,1
DA:23,1
DA:28,1
LF:8
LH:7
BRDA:8,0,0,12
BRDA:8,0,1,0
BRDA:24,1,0,1
BRDA:24,1,1,0
BRF:4
BRH:2
end_of_record
TN:
SF:src\i18n\makeFakeTranslation.js
FN:7,(anonymous_0)
FN:12,(anonymous_1)
FNF:2
FNH:0
FNDA:0,(anonymous_0)
FNDA:0,(anonymous_1)
DA:1,0
DA:6,0
DA:7,0
DA:8,0
DA:9,0
DA:11,0
DA:12,0
DA:16,0
LF:8
LH:0
BRDA:8,0,0,0
BRDA:8,0,1,0
BRDA:12,1,0,0
BRDA:12,1,1,0
BRF:4
BRH:0
end_of_record
TN:
SF:src\i18n\remove_redundant_strings.js
FNF:0
FNH:0
DA:1,0
DA:2,0
DA:3,0
DA:4,0
DA:5,0
DA:6,0
DA:7,0
DA:8,0
DA:9,0
DA:10,0
DA:11,0
DA:12,0
DA:13,0
DA:14,0
DA:15,0
DA:16,0
DA:17,0
DA:35,0
DA:36,0
DA:37,0
DA:38,0
DA:40,0
DA:41,0
DA:44,0
DA:45,0
DA:47,0
DA:49,0
DA:52,0
LF:28
LH:0
BRDA:40,0,0,0
BRDA:40,0,1,0
BRDA:45,1,0,0
BRDA:45,1,1,0
BRF:4
BRH:0
end_of_record
TN:
SF:src\i18n\test_utils\detectBadTranslationFunction.js
FN:14,detectBadTranslationFunction
FN:66,reportToConsole
FNF:2
FNH:1
FNDA:1,detectBadTranslationFunction
FNDA:0,reportToConsole
DA:1,1
DA:2,1
DA:3,1
DA:5,1
DA:6,1
DA:7,1
DA:15,1
DA:17,1
DA:23,1
DA:24,109
DA:25,13
DA:28,96
DA:29,96
DA:31,96
DA:37,96
DA:38,6747
DA:40,6747
DA:41,6747
DA:42,0
DA:48,0
DA:52,96
DA:53,0
DA:54,0
DA:59,1
DA:60,0
DA:63,1
DA:67,0
DA:69,0
DA:70,0
DA:72,0
DA:73,0
DA:74,0
DA:75,0
DA:78,0
DA:81,0
LF:35
LH:21
BRDA:24,0,0,13
BRDA:24,0,1,96
BRDA:41,1,0,0
BRDA:41,1,1,6747
BRDA:52,2,0,0
BRDA:52,2,1,96
BRDA:59,3,0,0
BRDA:59,3,1,1
BRF:8
BRH:5
end_of_record
TN:
SF:src\i18n\test_utils\detectNonExistingTranslationString.js
FN:17,detectNonExistingTranslationString
FN:18,(anonymous_1)
FN:78,(anonymous_2)
FN:78,(anonymous_3)
FN:88,reportToConsole
FNF:5
FNH:3
FNDA:1,detectNonExistingTranslationString
FNDA:345,(anonymous_1)
FNDA:0,(anonymous_2)
FNDA:0,(anonymous_3)
FNDA:1,reportToConsole
DA:1,1
DA:2,1
DA:3,1
DA:6,1
DA:7,1
DA:8,1
DA:14,1
DA:18,1
DA:19,345
DA:20,345
DA:23,1
DA:24,1
DA:30,1
DA:31,109
DA:32,109
DA:34,109
DA:40,109
DA:41,7610
DA:43,7610
DA:44,7610
DA:45,7610
DA:47,196
DA:48,197
DA:49,197
DA:50,197
DA:51,2
DA:57,2
DA:58,2
DA:60,195
DA:66,109
DA:67,2
DA:68,2
DA:73,1
DA:74,1
DA:77,1
DA:78,0
DA:79,0
DA:80,0
DA:82,0
DA:85,1
DA:89,1
DA:90,1
DA:91,2
DA:93,2
DA:94,2
DA:95,2
LF:46
LH:42
BRDA:17,0,0,1
BRDA:45,1,0,196
BRDA:45,1,1,7414
BRDA:50,2,0,2
BRDA:50,2,1,195
BRDA:66,3,0,2
BRDA:66,3,1,107
BRDA:73,4,0,1
BRDA:73,4,1,0
BRDA:77,5,0,0
BRDA:77,5,1,1
BRF:11
BRH:9
end_of_record
TN:
SF:src\layouts\hero-double-image.vue
FN:22,(anonymous_1)
FNF:1
FNH:0
FNDA:0,(anonymous_1)
DA:22,0
LF:1
LH:0
BRF:0
BRH:0
end_of_record
TN:
SF:src\lib\markdown-layout-loader.js
FN:12,markdownLayoutLoader
FNF:1
FNH:0
FNDA:0,markdownLayoutLoader
DA:2,0
DA:12,0
DA:13,0
DA:14,0
DA:15,0
DA:16,0
DA:17,0
DA:19,0
DA:22,0
DA:23,0
DA:26,0
LF:11
LH:0
BRDA:17,0,0,0
BRDA:17,0,1,0
BRF:2
BRH:0
end_of_record
TN:
SF:src\lib\router\getRouteComponent.js
FN:6,getRouteComponent
FNF:1
FNH:0
FNDA:0,getRouteComponent
DA:7,0
DA:9,0
DA:10,0
DA:11,0
DA:17,0
DA:19,0
DA:24,0
DA:27,0
LF:8
LH:0
BRDA:10,0,0,0
BRDA:10,0,1,0
BRDA:17,1,0,0
BRDA:17,1,1,0
BRF:4
BRH:0
end_of_record
TN:
SF:src\lib\router\routes.js
FNF:0
FNH:0
DA:6,1
DA:10,1
LF:2
LH:2
BRF:0
BRH:0
end_of_record
TN:
SF:src\lib\router\utils\fillLanguagesInPathToFileMap.js
FN:13,fillLanguagesInPathToFileMap
FN:53,getLangPath
FN:70,getPathPerLanguage
FN:91,getPathWithoutLang
FNF:4
FNH:4
FNDA:3,fillLanguagesInPathToFileMap
FNDA:20112,getLangPath
FNDA:3,getPathPerLanguage
FNDA:1849,getPathWithoutLang
DA:14,3
DA:15,3
DA:19,3
DA:21,3
DA:22,1833
DA:23,1833
DA:26,1833
DA:27,21942
DA:28,20109
DA:31,20109
DA:32,20109
DA:34,20109
DA:36,7
DA:37,7
DA:41,20102
DA:45,3
DA:54,20112
DA:55,1
DA:58,20111
DA:59,24
DA:62,20087
DA:72,3
DA:73,3
DA:74,27
DA:77,3
DA:78,1840
DA:79,1840
DA:80,1840
DA:81,1840
DA:84,3
DA:92,1849
DA:93,1849
LF:32
LH:32
BRDA:27,0,0,1833
BRDA:27,0,1,20109
BRDA:34,1,0,7
BRDA:34,1,1,20102
BRDA:54,2,0,1
BRDA:54,2,1,20111
BRDA:58,3,0,24
BRDA:58,3,1,20087
BRF:8
BRH:8
end_of_record
TN:
SF:src\lib\router\utils\getLanguageFromRoute.js
FN:3,getLanguageFromRoute
FN:28,extractLanguage
FNF:2
FNH:2
FNDA:2185,getLanguageFromRoute
FNDA:2185,extractLanguage
DA:4,2185
DA:7,2185
DA:12,276
DA:13,0
DA:16,276
DA:17,276
DA:21,1909
DA:30,2185
DA:31,2185
DA:32,2185
DA:33,14
DA:34,14
DA:38,2171
DA:44,2171
DA:45,2171
DA:46,262
DA:47,262
LF:17
LH:16
BRDA:7,0,0,276
BRDA:7,0,1,1909
BRDA:12,1,0,0
BRDA:12,1,1,276
BRDA:16,2,0,276
BRDA:16,2,1,0
BRDA:32,3,0,14
BRDA:32,3,1,2171
BRDA:45,4,0,262
BRDA:45,4,1,1909
BRF:10
BRH:8
end_of_record
TN:
SF:src\lib\router\utils\getPathFromModulePath.js
FN:9,getPathFromModulePath
FNF:1
FNH:1
FNDA:61,getPathFromModulePath
DA:10,61
DA:19,61
DA:20,61
DA:21,11
DA:25,50
LF:5
LH:5
BRDA:20,0,0,11
BRDA:20,0,1,50
BRF:2
BRH:2
end_of_record
TN:
SF:src\lib\router\utils\getRegex.js
FN:1,getRegex
FNF:1
FNH:1
FNDA:280,getRegex
DA:5,280
LF:1
LH:1
BRF:0
BRH:0
end_of_record
TN:
SF:src\lib\router\utils\makeRoutes.js
FN:7,makeRoutes
FN:9,(anonymous_1)
FN:26,makeRoute
FNF:3
FNH:3
FNDA:1,makeRoutes
FNDA:276,(anonymous_1)
FNDA:277,makeRoute
DA:9,1
DA:10,276
DA:12,276
DA:15,276
DA:17,276
DA:21,1
DA:23,1
DA:27,277
LF:8
LH:8
BRF:0
BRH:0
end_of_record
TN:
SF:src\lib\router\utils\resolveFiles.js
FN:10,resolveFiles
FN:28,getFilesInPageDirectory
FN:32,(anonymous_2)
FNF:3
FNH:3
FNDA:1,resolveFiles
FNDA:1,getFilesInPageDirectory
FNDA:28,(anonymous_2)
DA:12,1
DA:14,1
DA:16,1
DA:17,28
DA:18,28
DA:19,28
DA:23,1
DA:25,1
DA:29,1
DA:31,1
DA:32,28
DA:36,0
LF:12
LH:11
BRDA:18,0,0,28
BRDA:18,0,1,0
BRDA:18,1,0,28
BRDA:18,1,1,8
BRDA:29,2,0,1
BRDA:29,2,1,0
BRF:6
BRH:4
end_of_record
TN:
SF:src\modules\common\PrincipleCard.vue
FN:44,(anonymous_2)
FN:49,(anonymous_3)
FNF:2
FNH:0
FNDA:0,(anonymous_2)
FNDA:0,(anonymous_3)
DA:36,0
DA:45,0
DA:50,0
LF:3
LH:0
BRF:0
BRH:0
end_of_record
TN:
SF:src\modules\contact\ContactForm.vue
FN:130,(anonymous_2)
FN:144,(anonymous_3)
FN:150,(anonymous_4)
FN:166,(anonymous_5)
FN:172,(anonymous_6)
FN:173,(anonymous_7)
FN:180,(anonymous_8)
FNF:7
FNH:0
FNDA:0,(anonymous_2)
FNDA:0,(anonymous_3)
FNDA:0,(anonymous_4)
FNDA:0,(anonymous_5)
FNDA:0,(anonymous_6)
FNDA:0,(anonymous_7)
FNDA:0,(anonymous_8)
DA:114,0
DA:115,0
DA:116,0
DA:117,0
DA:131,0
DA:146,0
DA:151,0
DA:152,0
DA:153,0
DA:155,0
DA:156,0
DA:158,0
DA:159,0
DA:161,0
DA:162,0
DA:164,0
DA:167,0
DA:168,0
DA:170,0
DA:173,0
DA:174,0
DA:175,0
DA:181,0
DA:182,0
DA:184,0
DA:185,0
DA:186,0
DA:187,0
DA:188,0
DA:189,0
DA:190,0
DA:191,0
DA:192,0
DA:193,0
DA:194,0
DA:195,0
LF:36
LH:0
BRDA:146,0,0,0
BRDA:146,0,1,0
BRDA:146,0,2,0
BRDA:152,1,0,0
BRDA:152,1,1,0
BRDA:155,2,0,0
BRDA:155,2,1,0
BRDA:158,3,0,0
BRDA:158,3,1,0
BRDA:161,4,0,0
BRDA:161,4,1,0
BRDA:167,5,0,0
BRDA:167,5,1,0
BRDA:181,6,0,0
BRDA:181,6,1,0
BRF:15
BRH:0
end_of_record
TN:
SF:src\modules\contact\FeedbackForm.vue
FN:123,(anonymous_2)
FN:137,(anonymous_3)
FN:143,(anonymous_4)
FN:156,(anonymous_5)
FN:162,(anonymous_6)
FN:163,(anonymous_7)
FN:170,(anonymous_8)
FNF:7
FNH:0
FNDA:0,(anonymous_2)
FNDA:0,(anonymous_3)
FNDA:0,(anonymous_4)
FNDA:0,(anonymous_5)
FNDA:0,(anonymous_6)
FNDA:0,(anonymous_7)
FNDA:0,(anonymous_8)
DA:105,0
DA:106,0
DA:107,0
DA:108,0
DA:109,0
DA:124,0
DA:139,0
DA:144,0
DA:145,0
DA:146,0
DA:148,0
DA:149,0
DA:151,0
DA:152,0
DA:154,0
DA:157,0
DA:158,0
DA:160,0
DA:163,0
DA:164,0
DA:165,0
DA:171,0
DA:172,0
DA:174,0
DA:175,0
DA:176,0
DA:177,0
DA:178,0
DA:179,0
DA:180,0
DA:181,0
DA:182,0
DA:183,0
DA:184,0
LF:34
LH:0
BRDA:139,0,0,0
BRDA:139,0,1,0
BRDA:139,0,2,0
BRDA:145,1,0,0
BRDA:145,1,1,0
BRDA:148,2,0,0
BRDA:148,2,1,0
BRDA:151,3,0,0
BRDA:151,3,1,0
BRDA:157,4,0,0
BRDA:157,4,1,0
BRDA:171,5,0,0
BRDA:171,5,1,0
BRF:13
BRH:0
end_of_record
TN:
SF:src\modules\contact\SubmitGroupForm.vue
FN:395,(anonymous_2)
FN:426,(anonymous_3)
FN:430,(anonymous_4)
FN:433,(anonymous_5)
FN:436,(anonymous_6)
FN:439,(anonymous_7)
FN:450,(anonymous_8)
FN:484,(anonymous_9)
FN:490,(anonymous_10)
FN:491,(anonymous_11)
FN:498,(anonymous_12)
FN:503,(anonymous_13)
FN:537,(anonymous_14)
FN:561,(anonymous_15)
FNF:14
FNH:0
FNDA:0,(anonymous_2)
FNDA:0,(anonymous_3)
FNDA:0,(anonymous_4)
FNDA:0,(anonymous_5)
FNDA:0,(anonymous_6)
FNDA:0,(anonymous_7)
FNDA:0,(anonymous_8)
FNDA:0,(anonymous_9)
FNDA:0,(anonymous_10)
FNDA:0,(anonymous_11)
FNDA:0,(anonymous_12)
FNDA:0,(anonymous_13)
FNDA:0,(anonymous_14)
FNDA:0,(anonymous_15)
DA:370,0
DA:371,0
DA:372,0
DA:373,0
DA:374,0
DA:375,0
DA:376,0
DA:377,0
DA:378,0
DA:379,0
DA:396,0
DA:428,0
DA:431,0
DA:434,0
DA:437,0
DA:440,0
DA:441,0
DA:443,0
DA:444,0
DA:446,0
DA:451,0
DA:452,0
DA:453,0
DA:455,0
DA:456,0
DA:458,0
DA:459,0
DA:461,0
DA:462,0
DA:463,0
DA:466,0
DA:467,0
DA:468,0
DA:470,0
DA:471,0
DA:473,0
DA:474,0
DA:476,0
DA:477,0
DA:482,0
DA:485,0
DA:486,0
DA:488,0
DA:491,0
DA:492,0
DA:493,0
DA:499,0
DA:504,0
DA:505,0
DA:507,0
DA:508,0
DA:509,0
DA:510,0
DA:511,0
DA:513,0
DA:514,0
DA:516,0
DA:517,0
DA:518,0
DA:521,0
DA:522,0
DA:523,0
DA:524,0
DA:525,0
DA:527,0
DA:530,0
DA:531,0
DA:532,0
DA:533,0
DA:534,0
DA:538,0
DA:539,0
DA:541,0
DA:542,0
DA:543,0
DA:544,0
DA:545,0
DA:546,0
DA:547,0
DA:548,0
DA:549,0
DA:550,0
DA:551,0
DA:552,0
DA:553,0
DA:554,0
DA:555,0
DA:556,0
DA:557,0
DA:558,0
DA:562,0
DA:563,0
DA:564,0
DA:565,0
DA:567,0
LF:95
LH:0
BRDA:428,0,0,0
BRDA:428,0,1,0
BRDA:428,0,2,0
BRDA:437,1,0,0
BRDA:437,1,1,0
BRDA:440,2,0,0
BRDA:440,2,1,0
BRDA:443,3,0,0
BRDA:443,3,1,0
BRDA:452,4,0,0
BRDA:452,4,1,0
BRDA:455,5,0,0
BRDA:455,5,1,0
BRDA:458,6,0,0
BRDA:458,6,1,0
BRDA:458,7,0,0
BRDA:458,7,1,0
BRDA:461,8,0,0
BRDA:461,8,1,0
BRDA:461,9,0,0
BRDA:461,9,1,0
BRDA:461,9,2,0
BRDA:466,10,0,0
BRDA:466,10,1,0
BRDA:467,11,0,0
BRDA:467,11,1,0
BRDA:470,12,0,0
BRDA:470,12,1,0
BRDA:470,13,0,0
BRDA:470,13,1,0
BRDA:473,14,0,0
BRDA:473,14,1,0
BRDA:473,15,0,0
BRDA:473,15,1,0
BRDA:476,16,0,0
BRDA:476,16,1,0
BRDA:485,17,0,0
BRDA:485,17,1,0
BRDA:504,18,0,0
BRDA:504,18,1,0
BRDA:510,19,0,0
BRDA:510,19,1,0
BRDA:510,20,0,0
BRDA:510,20,1,0
BRDA:517,21,0,0
BRDA:517,21,1,0
BRDA:524,22,0,0
BRDA:524,22,1,0
BRDA:532,23,0,0
BRDA:532,23,1,0
BRDA:538,24,0,0
BRDA:538,24,1,0
BRDA:545,25,0,0
BRDA:545,25,1,0
BRDA:564,26,0,0
BRDA:564,26,1,0
BRF:56
BRH:0
end_of_record
TN:
SF:src\modules\contact\contact-form-loader.js
FN:13,mountForm
FNF:1
FNH:0
FNDA:0,mountForm
DA:8,0
DA:9,0
DA:10,0
DA:14,0
DA:15,0
DA:16,0
DA:18,0
DA:20,0
DA:21,0
DA:23,0
DA:24,0
DA:25,0
LF:12
LH:0
BRDA:14,0,0,0
BRDA:14,0,1,0
BRF:2
BRH:0
end_of_record
TN:
SF:src\modules\contact\feedback-form-loader.js
FN:13,mountForm
FNF:1
FNH:0
FNDA:0,mountForm
DA:8,0
DA:9,0
DA:10,0
DA:14,0
DA:15,0
DA:16,0
DA:18,0
DA:20,0
DA:21,0
DA:23,0
DA:24,0
DA:25,0
LF:12
LH:0
BRDA:14,0,0,0
BRDA:14,0,1,0
BRF:2
BRH:0
end_of_record
TN:
SF:src\modules\contact\submit-group-form-loader.js
FN:13,mountForm
FNF:1
FNH:0
FNDA:0,mountForm
DA:8,0
DA:9,0
DA:10,0
DA:14,0
DA:15,0
DA:16,0
DA:18,0
DA:20,0
DA:21,0
DA:23,0
DA:24,0
DA:25,0
LF:12
LH:0
BRDA:14,0,0,0
BRDA:14,0,1,0
BRF:2
BRH:0
end_of_record
TN:
SF:src\modules\contact\form\GroupSelector.vue
FN:95,(anonymous_2)
FN:102,(anonymous_3)
FN:108,(anonymous_4)
FN:111,(anonymous_5)
FN:142,(anonymous_6)
FN:145,(anonymous_7)
FN:149,(anonymous_8)
FNF:7
FNH:0
FNDA:0,(anonymous_2)
FNDA:0,(anonymous_3)
FNDA:0,(anonymous_4)
FNDA:0,(anonymous_5)
FNDA:0,(anonymous_6)
FNDA:0,(anonymous_7)
FNDA:0,(anonymous_8)
DA:76,0
DA:77,0
DA:78,0
DA:79,0
DA:80,0
DA:96,0
DA:103,0
DA:104,0
DA:106,0
DA:109,0
DA:112,0
DA:113,0
DA:114,0
DA:116,0
DA:117,0
DA:118,0
DA:119,0
DA:120,0
DA:121,0
DA:124,0
DA:125,0
DA:126,0
DA:127,0
DA:129,0
DA:134,0
DA:143,0
DA:146,0
DA:147,0
DA:150,0
LF:29
LH:0
BRDA:103,0,0,0
BRDA:103,0,1,0
BRDA:120,1,0,0
BRDA:120,1,1,0
BRDA:124,2,0,0
BRDA:124,2,1,0
BRDA:126,3,0,0
BRDA:126,3,1,0
BRF:8
BRH:0
end_of_record
TN:
SF:src\modules\contact\form\MapChooseLocation.vue
FN:21,(anonymous_2)
FN:26,(anonymous_3)
FN:32,(anonymous_4)
FN:44,(anonymous_5)
FN:47,(anonymous_6)
FN:76,(anonymous_7)
FN:78,(anonymous_8)
FN:82,(anonymous_9)
FN:86,(anonymous_10)
FN:90,(anonymous_11)
FNF:10
FNH:0
FNDA:0,(anonymous_2)
FNDA:0,(anonymous_3)
FNDA:0,(anonymous_4)
FNDA:0,(anonymous_5)
FNDA:0,(anonymous_6)
FNDA:0,(anonymous_7)
FNDA:0,(anonymous_8)
FNDA:0,(anonymous_9)
FNDA:0,(anonymous_10)
FNDA:0,(anonymous_11)
DA:8,0
DA:10,0
DA:12,0
DA:22,0
DA:27,0
DA:28,0
DA:33,0
DA:34,0
DA:35,0
DA:37,0
DA:38,0
DA:40,0
DA:45,0
DA:48,0
DA:59,0
DA:65,0
DA:71,0
DA:77,0
DA:78,0
DA:81,0
DA:82,0
DA:83,0
DA:84,0
DA:87,0
DA:88,0
DA:91,0
DA:92,0
DA:93,0
LF:28
LH:0
BRDA:27,0,0,0
BRDA:27,0,1,0
BRDA:37,1,0,0
BRDA:37,1,1,0
BRF:4
BRH:0
end_of_record
TN:
SF:src\modules\contact\form\RatingField.vue
FNF:0
FNH:0
DA:21,0
LF:1
LH:0
BRF:0
BRH:0
end_of_record
TN:
SF:src\modules\contact\form\SelectField.vue
FN:45,(anonymous_2)
FN:53,(anonymous_3)
FNF:2
FNH:0
FNDA:0,(anonymous_2)
FNDA:0,(anonymous_3)
DA:27,0
DA:46,0
DA:47,0
DA:49,0
DA:54,0
DA:55,0
LF:6
LH:0
BRDA:46,0,0,0
BRDA:46,0,1,0
BRDA:54,1,0,0
BRDA:54,1,1,0
BRF:4
BRH:0
end_of_record
TN:
SF:src\modules\contact\form\SocialLinksForms.vue
FN:39,(anonymous_1)
FN:52,(anonymous_2)
FN:53,(anonymous_3)
FN:64,(anonymous_4)
FN:68,(anonymous_5)
FN:74,(anonymous_6)
FNF:6
FNH:0
FNDA:0,(anonymous_1)
FNDA:0,(anonymous_2)
FNDA:0,(anonymous_3)
FNDA:0,(anonymous_4)
FNDA:0,(anonymous_5)
FNDA:0,(anonymous_6)
DA:40,0
DA:53,0
DA:54,0
DA:55,0
DA:56,0
DA:58,0
DA:60,0
DA:65,0
DA:66,0
DA:69,0
DA:70,0
DA:71,0
DA:72,0
DA:75,0
DA:76,0
DA:77,0
LF:16
LH:0
BRDA:55,0,0,0
BRDA:55,0,1,0
BRF:2
BRH:0
end_of_record
TN:
SF:src\modules\contact\form\TextField.vue
FN:59,(anonymous_2)
FN:67,(anonymous_3)
FNF:2
FNH:0
FNDA:0,(anonymous_2)
FNDA:0,(anonymous_3)
DA:40,0
DA:60,0
DA:61,0
DA:63,0
DA:68,0
DA:69,0
LF:6
LH:0
BRDA:60,0,0,0
BRDA:60,0,1,0
BRDA:68,1,0,0
BRDA:68,1,1,0
BRF:4
BRH:0
end_of_record
TN:
SF:src\modules\events\util\getEventLocation.js
FN:6,getEventLocation
FNF:1
FNH:0
FNDA:0,getEventLocation
DA:7,0
DA:8,0
DA:9,0
DA:10,0
DA:12,0
DA:13,0
DA:17,0
DA:18,0
DA:20,0
LF:9
LH:0
BRDA:7,0,0,0
BRDA:7,0,1,0
BRDA:7,1,0,0
BRDA:7,1,1,0
BRDA:7,1,2,0
BRDA:9,2,0,0
BRDA:9,2,1,0
BRDA:12,3,0,0
BRDA:12,3,1,0
BRDA:17,4,0,0
BRDA:17,4,1,0
BRF:11
BRH:0
end_of_record
TN:
SF:src\modules\events\util\isGeocodeRelevant.js
FN:7,isGeocodeRelevant
FNF:1
FNH:1
FNDA:4,isGeocodeRelevant
DA:8,4
LF:1
LH:1
BRDA:8,0,0,4
BRDA:8,0,1,3
BRDA:8,0,2,3
BRDA:8,0,3,3
BRDA:8,0,4,2
BRDA:8,0,5,2
BRDA:8,0,6,2
BRDA:8,0,7,2
BRF:8
BRH:8
end_of_record
TN:
SF:src\modules\groups\group-selector-loader.js
FN:14,mountForm
FN:21,(anonymous_1)
FN:22,(anonymous_2)
FNF:3
FNH:0
FNDA:0,mountForm
FNDA:0,(anonymous_1)
FNDA:0,(anonymous_2)
DA:9,0
DA:10,0
DA:11,0
DA:15,0
DA:16,0
DA:17,0
DA:19,0
DA:21,0
DA:22,0
DA:23,0
DA:24,0
DA:27,0
DA:28,0
DA:29,0
DA:30,0
DA:31,0
DA:32,0
DA:33,0
DA:35,0
LF:19
LH:0
BRDA:15,0,0,0
BRDA:15,0,1,0
BRF:2
BRH:0
end_of_record
TN:
SF:src\modules\groups\toggle-content.js
FN:13,onToggle
FN:15,(anonymous_1)
FN:22,(anonymous_2)
FN:35,(anonymous_3)
FN:37,(anonymous_4)
FNF:5
FNH:0
FNDA:0,onToggle
FNDA:0,(anonymous_1)
FNDA:0,(anonymous_2)
FNDA:0,(anonymous_3)
FNDA:0,(anonymous_4)
DA:9,0
DA:10,0
DA:11,0
DA:14,0
DA:15,0
DA:16,0
DA:17,0
DA:19,0
DA:22,0
DA:23,0
DA:24,0
DA:25,0
DA:26,0
DA:27,0
DA:29,0
DA:30,0
DA:35,0
DA:36,0
DA:37,0
DA:38,0
DA:39,0
LF:21
LH:0
BRDA:16,0,0,0
BRDA:16,0,1,0
BRDA:25,1,0,0
BRDA:25,1,1,0
BRDA:38,2,0,0
BRDA:38,2,1,0
BRDA:38,3,0,0
BRDA:38,3,1,0
BRDA:38,3,2,0
BRF:9
BRH:0
end_of_record
TN:
SF:src\modules\groups\components\EventCard.vue
FN:44,(anonymous_2)
FN:45,(anonymous_3)
FN:46,(anonymous_4)
FN:52,(anonymous_5)
FNF:4
FNH:0
FNDA:0,(anonymous_2)
FNDA:0,(anonymous_3)
FNDA:0,(anonymous_4)
FNDA:0,(anonymous_5)
DA:26,0
DA:27,0
DA:28,0
DA:29,0
DA:30,0
DA:44,0
DA:45,0
DA:47,0
DA:48,0
DA:50,0
DA:53,0
DA:54,0
LF:12
LH:0
BRDA:54,0,0,0
BRDA:54,0,1,0
BRF:2
BRH:0
end_of_record
TN:
SF:src\modules\groups\components\GroupCard.vue
FN:47,(anonymous_2)
FN:48,(anonymous_3)
FN:49,(anonymous_4)
FN:52,(anonymous_5)
FNF:4
FNH:0
FNDA:0,(anonymous_2)
FNDA:0,(anonymous_3)
FNDA:0,(anonymous_4)
FNDA:0,(anonymous_5)
DA:29,0
DA:30,0
DA:31,0
DA:32,0
DA:47,0
DA:48,0
DA:50,0
DA:53,0
DA:54,0
DA:55,0
DA:57,0
LF:11
LH:0
BRDA:54,0,0,0
BRDA:54,0,1,0
BRF:2
BRH:0
end_of_record
TN:
SF:src\modules\groups\util\isGroupContainingSearchTerm.js
FN:1,isGroupContainingSearchTerm
FNF:1
FNH:0
FNDA:0,isGroupContainingSearchTerm
DA:2,0
DA:3,0
DA:5,0
DA:6,0
DA:8,0
LF:5
LH:0
BRDA:2,0,0,0
BRDA:2,0,1,0
BRDA:5,1,0,0
BRDA:5,1,1,0
BRDA:5,2,0,0
BRDA:5,2,1,0
BRF:6
BRH:0
end_of_record
TN:
SF:src\modules\groups\util\makeColors.js
FN:7,makeColors
FN:16,getColor
FN:17,(anonymous_2)
FN:21,topColorClass
FN:45,bottomColorClass
FNF:5
FNH:0
FNDA:0,makeColors
FNDA:0,getColor
FNDA:0,(anonymous_2)
FNDA:0,topColorClass
FNDA:0,bottomColorClass
DA:1,0
DA:8,0
DA:9,0
DA:10,0
DA:11,0
DA:13,0
DA:17,0
DA:18,0
DA:22,0
DA:24,0
DA:26,0
DA:28,0
DA:30,0
DA:32,0
DA:34,0
DA:36,0
DA:38,0
DA:41,0
DA:46,0
DA:48,0
DA:50,0
DA:52,0
DA:54,0
DA:56,0
DA:58,0
DA:60,0
DA:62,0
DA:65,0
LF:28
LH:0
BRDA:22,0,0,0
BRDA:22,0,1,0
BRDA:22,0,2,0
BRDA:22,0,3,0
BRDA:22,0,4,0
BRDA:22,0,5,0
BRDA:22,0,6,0
BRDA:22,0,7,0
BRDA:22,0,8,0
BRDA:22,0,9,0
BRDA:46,1,0,0
BRDA:46,1,1,0
BRDA:46,1,2,0
BRDA:46,1,3,0
BRDA:46,1,4,0
BRDA:46,1,5,0
BRDA:46,1,6,0
BRDA:46,1,7,0
BRDA:46,1,8,0
BRDA:46,1,9,0
BRF:20
BRH:0
end_of_record
TN:
SF:src\modules\groups\util\toDomain.js
FN:8,toDomain
FNF:1
FNH:0
FNDA:0,toDomain
DA:1,0
DA:9,0
DA:10,0
DA:12,0
DA:13,0
DA:15,0
DA:16,0
DA:18,0
DA:19,0
DA:20,0
LF:10
LH:0
BRDA:9,0,0,0
BRDA:9,0,1,0
BRDA:12,1,0,0
BRDA:12,1,1,0
BRDA:15,2,0,0
BRDA:15,2,1,0
BRF:6
BRH:0
end_of_record
TN:
SF:src\modules\groups\util\toNativePlaceName.js
FN:149,toNativePlaceName
FNF:1
FNH:0
FNDA:0,toNativePlaceName
DA:1,0
DA:150,0
LF:2
LH:0
BRDA:150,0,0,0
BRDA:150,0,1,0
BRF:2
BRH:0
end_of_record
TN:
SF:src\modules\groups\util\truncateWords.js
FN:8,truncateWords
FNF:1
FNH:0
FNDA:0,truncateWords
DA:9,0
DA:10,0
DA:11,0
DA:14,0
DA:15,0
DA:16,0
DA:19,0
DA:20,0
DA:21,0
DA:23,0
LF:10
LH:0
BRDA:10,0,0,0
BRDA:10,0,1,0
BRDA:14,1,0,0
BRDA:14,1,1,0
BRDA:15,2,0,0
BRDA:15,2,1,0
BRDA:20,3,0,0
BRDA:20,3,1,0
BRF:8
BRH:0
end_of_record
TN:
SF:src\modules\map\MapClient.vue
FN:96,(anonymous_2)
FN:97,(anonymous_3)
FN:100,(anonymous_4)
FN:106,(anonymous_5)
FN:115,(anonymous_6)
FN:124,(anonymous_7)
FN:127,(anonymous_8)
FN:148,(anonymous_9)
FN:152,(anonymous_10)
FN:161,(anonymous_11)
FN:170,(anonymous_12)
FN:194,(anonymous_13)
FN:211,addTooltip
FN:219,(anonymous_15)
FN:232,(anonymous_16)
FN:240,(anonymous_17)
FN:249,(anonymous_18)
FN:286,(anonymous_19)
FN:294,(anonymous_20)
FN:308,(anonymous_21)
FN:320,(anonymous_22)
FN:341,(anonymous_23)
FN:343,(anonymous_24)
FN:348,(anonymous_25)
FN:352,(anonymous_26)
FN:360,(anonymous_27)
FN:393,(anonymous_28)
FN:396,(anonymous_29)
FNF:28
FNH:0
FNDA:0,(anonymous_2)
FNDA:0,(anonymous_3)
FNDA:0,(anonymous_4)
FNDA:0,(anonymous_5)
FNDA:0,(anonymous_6)
FNDA:0,(anonymous_7)
FNDA:0,(anonymous_8)
FNDA:0,(anonymous_9)
FNDA:0,(anonymous_10)
FNDA:0,(anonymous_11)
FNDA:0,(anonymous_12)
FNDA:0,(anonymous_13)
FNDA:0,addTooltip
FNDA:0,(anonymous_15)
FNDA:0,(anonymous_16)
FNDA:0,(anonymous_17)
FNDA:0,(anonymous_18)
FNDA:0,(anonymous_19)
FNDA:0,(anonymous_20)
FNDA:0,(anonymous_21)
FNDA:0,(anonymous_22)
FNDA:0,(anonymous_23)
FNDA:0,(anonymous_24)
FNDA:0,(anonymous_25)
FNDA:0,(anonymous_26)
FNDA:0,(anonymous_27)
FNDA:0,(anonymous_28)
FNDA:0,(anonymous_29)
DA:55,0
DA:56,0
DA:58,0
DA:59,0
DA:60,0
DA:62,0
DA:63,0
DA:65,0
DA:66,0
DA:67,0
DA:69,0
DA:71,0
DA:78,0
DA:85,0
DA:96,0
DA:97,0
DA:101,0
DA:107,0
DA:108,0
DA:109,0
DA:112,0
DA:116,0
DA:117,0
DA:118,0
DA:119,0
DA:120,0
DA:121,0
DA:125,0
DA:128,0
DA:138,0
DA:143,0
DA:150,0
DA:153,0
DA:159,0
DA:162,0
DA:168,0
DA:171,0
DA:178,0
DA:179,0
DA:180,0
DA:181,0
DA:182,0
DA:184,0
DA:188,0
DA:189,0
DA:190,0
DA:191,0
DA:195,0
DA:196,0
DA:197,0
DA:200,0
DA:212,0
DA:219,0
DA:220,0
DA:229,0
DA:232,0
DA:233,0
DA:235,0
DA:237,0
DA:241,0
DA:242,0
DA:243,0
DA:244,0
DA:245,0
DA:247,0
DA:251,0
DA:252,0
DA:253,0
DA:255,0
DA:257,0
DA:258,0
DA:259,0
DA:262,0
DA:263,0
DA:266,0
DA:276,0
DA:284,0
DA:286,0
DA:287,0
DA:288,0
DA:289,0
DA:290,0
DA:291,0
DA:295,0
DA:304,0
DA:309,0
DA:310,0
DA:312,0
DA:317,0
DA:318,0
DA:321,0
DA:326,0
DA:331,0
DA:335,0
DA:342,0
DA:343,0
DA:347,0
DA:348,0
DA:349,0
DA:350,0
DA:353,0
DA:354,0
DA:355,0
DA:363,0
DA:365,0
DA:366,0
DA:368,0
DA:369,0
DA:370,0
DA:372,0
DA:373,0
DA:374,0
DA:378,0
DA:379,0
DA:380,0
DA:382,0
DA:384,0
DA:387,0
DA:391,0
DA:394,0
DA:397,0
DA:398,0
DA:399,0
DA:400,0
DA:401,0
DA:403,0
DA:404,0
DA:406,0
DA:407,0
LF:129
LH:0
BRDA:108,0,0,0
BRDA:108,0,1,0
BRDA:179,1,0,0
BRDA:179,1,1,0
BRDA:180,2,0,0
BRDA:180,2,1,0
BRDA:181,3,0,0
BRDA:181,3,1,0
BRDA:190,4,0,0
BRDA:190,4,1,0
BRDA:196,5,0,0
BRDA:196,5,1,0
BRDA:203,6,0,0
BRDA:203,6,1,0
BRDA:220,7,0,0
BRDA:220,7,1,0
BRDA:241,8,0,0
BRDA:241,8,1,0
BRDA:243,9,0,0
BRDA:243,9,1,0
BRDA:257,10,0,0
BRDA:257,10,1,0
BRDA:258,11,0,0
BRDA:258,11,1,0
BRDA:266,12,0,0
BRDA:266,12,1,0
BRDA:297,13,0,0
BRDA:297,13,1,0
BRDA:298,14,0,0
BRDA:298,14,1,0
BRDA:299,15,0,0
BRDA:299,15,1,0
BRDA:305,16,0,0
BRDA:305,16,1,0
BRDA:309,17,0,0
BRDA:309,17,1,0
BRDA:317,18,0,0
BRDA:317,18,1,0
BRDA:353,19,0,0
BRDA:353,19,1,0
BRDA:363,20,0,0
BRDA:363,20,1,0
BRDA:368,21,0,0
BRDA:368,21,1,0
BRDA:372,22,0,0
BRDA:372,22,1,0
BRDA:379,23,0,0
BRDA:379,23,1,0
BRDA:382,24,0,0
BRDA:382,24,1,0
BRDA:382,25,0,0
BRDA:382,25,1,0
BRDA:396,26,0,0
BRDA:400,27,0,0
BRDA:400,27,1,0
BRDA:403,28,0,0
BRDA:403,28,1,0
BRDA:406,29,0,0
BRDA:406,29,1,0
BRF:59
BRH:0
end_of_record
TN:
SF:src\modules\map\MapEventPopup.vue
FN:79,(anonymous_2)
FN:82,(anonymous_3)
FN:83,(anonymous_4)
FN:84,(anonymous_5)
FN:90,(anonymous_6)
FNF:5
FNH:0
FNDA:0,(anonymous_2)
FNDA:0,(anonymous_3)
FNDA:0,(anonymous_4)
FNDA:0,(anonymous_5)
FNDA:0,(anonymous_6)
DA:55,0
DA:56,0
DA:57,0
DA:58,0
DA:59,0
DA:60,0
DA:61,0
DA:62,0
DA:80,0
DA:82,0
DA:83,0
DA:85,0
DA:86,0
DA:88,0
DA:91,0
LF:15
LH:0
BRF:0
BRH:0
end_of_record
TN:
SF:src\modules\map\MapGroupPopup.vue
FN:70,(anonymous_2)
FN:73,(anonymous_3)
FN:74,(anonymous_4)
FN:75,(anonymous_5)
FNF:4
FNH:0
FNDA:0,(anonymous_2)
FNDA:0,(anonymous_3)
FNDA:0,(anonymous_4)
FNDA:0,(anonymous_5)
DA:50,0
DA:52,0
DA:53,0
DA:54,0
DA:55,0
DA:71,0
DA:73,0
DA:74,0
DA:76,0
LF:9
LH:0
BRF:0
BRH:0
end_of_record
TN:
SF:src\modules\map\MapSSR.vue
FN:32,(anonymous_1)
FNF:1
FNH:0
FNDA:0,(anonymous_1)
DA:24,0
DA:33,0
DA:34,0
DA:37,0
DA:38,0
DA:44,0
DA:45,0
DA:52,0
LF:8
LH:0
BRDA:33,0,0,0
BRDA:33,0,1,0
BRDA:33,1,0,0
BRDA:33,1,1,0
BRDA:37,2,0,0
BRDA:37,2,1,0
BRDA:44,3,0,0
BRDA:44,3,1,0
BRF:8
BRH:0
end_of_record
TN:
SF:src\modules\map\ToggleLayers.vue
FN:51,(anonymous_1)
FN:59,(anonymous_2)
FN:63,(anonymous_3)
FN:67,(anonymous_4)
FN:71,(anonymous_5)
FNF:5
FNH:0
FNDA:0,(anonymous_1)
FNDA:0,(anonymous_2)
FNDA:0,(anonymous_3)
FNDA:0,(anonymous_4)
FNDA:0,(anonymous_5)
DA:52,0
DA:60,0
DA:61,0
DA:64,0
DA:65,0
DA:68,0
DA:69,0
DA:72,0
LF:8
LH:0
BRF:0
BRH:0
end_of_record
TN:
SF:src\modules\map\ZoomControl.vue
FN:18,(anonymous_1)
FN:24,(anonymous_2)
FN:32,(anonymous_3)
FNF:3
FNH:0
FNDA:0,(anonymous_1)
FNDA:0,(anonymous_2)
FNDA:0,(anonymous_3)
DA:19,0
DA:21,0
DA:22,0
DA:25,0
DA:30,0
DA:33,0
DA:37,0
LF:7
LH:0
BRDA:21,0,0,0
BRDA:21,0,1,0
BRF:2
BRH:0
end_of_record
TN:
SF:src\modules\map\map-data-reader.js
FN:4,(anonymous_0)
FN:14,(anonymous_1)
FNF:2
FNH:0
FNDA:0,(anonymous_0)
FNDA:0,(anonymous_1)
DA:4,0
DA:5,0
DA:6,0
DA:7,0
DA:8,0
DA:10,0
DA:14,0
DA:15,0
DA:16,0
DA:17,0
DA:18,0
DA:20,0
LF:12
LH:0
BRDA:6,0,0,0
BRDA:6,0,1,0
BRDA:16,1,0,0
BRDA:16,1,1,0
BRF:4
BRH:0
end_of_record
TN:
SF:src\modules\map\map-data-writer.js
FN:5,cleanGroups
FN:6,(anonymous_1)
FN:21,(anonymous_2)
FN:36,cleanEvents
FN:37,(anonymous_4)
FN:63,getCitiesForGroup
FN:66,(anonymous_6)
FN:70,(anonymous_7)
FN:73,getEventsForGroup
FN:76,(anonymous_9)
FN:80,(anonymous_10)
FN:83,(anonymous_11)
FN:93,(anonymous_12)
FN:113,(anonymous_13)
FN:122,(anonymous_14)
FNF:15
FNH:9
FNDA:4,cleanGroups
FNDA:2,(anonymous_1)
FNDA:16,(anonymous_2)
FNDA:4,cleanEvents
FNDA:1,(anonymous_4)
FNDA:0,getCitiesForGroup
FNDA:0,(anonymous_6)
FNDA:0,(anonymous_7)
FNDA:0,getEventsForGroup
FNDA:0,(anonymous_9)
FNDA:0,(anonymous_10)
FNDA:8,(anonymous_11)
FNDA:4,(anonymous_12)
FNDA:4,(anonymous_13)
FNDA:2,(anonymous_14)
DA:6,4
DA:16,2
DA:17,2
DA:18,0
DA:20,2
DA:21,16
DA:23,2
DA:37,4
DA:48,1
DA:49,1
DA:64,0
DA:66,0
DA:67,0
DA:68,0
DA:70,0
DA:74,0
DA:76,0
DA:80,0
DA:83,1
DA:84,8
DA:85,8
DA:86,6
DA:87,6
DA:93,1
DA:98,4
DA:99,4
DA:100,4
DA:105,4
DA:106,4
DA:113,1
DA:119,4
DA:120,4
DA:122,4
DA:123,4
DA:129,4
DA:130,4
LF:36
LH:27
BRDA:17,0,0,0
BRDA:17,0,1,2
BRDA:17,1,0,2
BRDA:17,1,1,0
BRDA:20,2,0,2
BRDA:20,2,1,0
BRDA:21,3,0,16
BRDA:21,3,1,7
BRDA:21,3,2,7
BRDA:64,4,0,0
BRDA:64,4,1,0
BRDA:67,5,0,0
BRDA:67,5,1,0
BRDA:70,6,0,0
BRDA:70,6,1,0
BRDA:70,6,2,0
BRDA:74,7,0,0
BRDA:74,7,1,0
BRDA:80,8,0,0
BRDA:80,8,1,0
BRDA:80,8,2,0
BRDA:83,9,0,0
BRDA:83,10,0,8
BRDA:84,11,0,8
BRDA:84,11,1,4
BRDA:85,12,0,6
BRDA:85,12,1,2
BRDA:96,13,0,0
BRDA:98,14,0,0
BRDA:98,14,1,4
BRDA:100,15,0,0
BRDA:100,15,1,4
BRDA:117,16,0,0
BRDA:119,17,0,0
BRDA:119,17,1,4
BRDA:123,18,0,0
BRDA:123,18,1,4
BRF:37
BRH:15
end_of_record
TN:
SF:src\modules\map\map-loader.js
FN:9,(anonymous_0)
FN:16,enableMapClient
FN:23,triggerMapLoad
FN:32,(anonymous_3)
FN:41,loadMap
FN:53,(anonymous_5)
FN:59,(anonymous_6)
FN:66,(anonymous_7)
FNF:8
FNH:0
FNDA:0,(anonymous_0)
FNDA:0,enableMapClient
FNDA:0,triggerMapLoad
FNDA:0,(anonymous_3)
FNDA:0,loadMap
FNDA:0,(anonymous_5)
FNDA:0,(anonymous_6)
FNDA:0,(anonymous_7)
DA:5,0
DA:9,0
DA:10,0
DA:12,0
DA:13,0
DA:17,0
DA:18,0
DA:19,0
DA:21,0
DA:24,0
DA:25,0
DA:27,0
DA:32,0
DA:33,0
DA:34,0
DA:35,0
DA:38,0
DA:42,0
DA:43,0
DA:45,0
DA:48,0
DA:49,0
DA:50,0
DA:52,0
DA:53,0
DA:54,0
DA:58,0
DA:59,0
DA:60,0
DA:66,0
DA:67,0
DA:68,0
DA:72,0
DA:75,0
DA:76,0
DA:79,0
DA:81,0
LF:37
LH:0
BRDA:17,0,0,0
BRDA:17,0,1,0
BRDA:24,1,0,0
BRDA:24,1,1,0
BRDA:34,2,0,0
BRDA:34,2,1,0
BRDA:52,3,0,0
BRDA:52,3,1,0
BRDA:58,4,0,0
BRDA:58,4,1,0
BRF:10
BRH:0
end_of_record
TN:
SF:src\modules\posts\ArticleCard.vue
FN:47,(anonymous_2)
FNF:1
FNH:0
FNDA:0,(anonymous_2)
DA:27,0
DA:28,0
DA:29,0
DA:30,0
DA:48,0
DA:49,0
DA:50,0
LF:7
LH:0
BRF:0
BRH:0
end_of_record
TN:
SF:src\modules\posts\PageArticle.vue
FN:63,(anonymous_2)
FN:66,(anonymous_3)
FN:73,(anonymous_4)
FN:80,(anonymous_5)
FN:81,(anonymous_6)
FN:89,(anonymous_8)
FN:98,(anonymous_9)
FNF:7
FNH:0
FNDA:0,(anonymous_2)
FNDA:0,(anonymous_3)
FNDA:0,(anonymous_4)
FNDA:0,(anonymous_5)
FNDA:0,(anonymous_6)
FNDA:0,(anonymous_8)
FNDA:0,(anonymous_9)
DA:51,0
DA:52,0
DA:53,0
DA:54,0
DA:64,0
DA:67,0
DA:68,0
DA:69,0
DA:71,0
DA:74,0
DA:75,0
DA:76,0
DA:78,0
DA:81,0
DA:90,0
DA:91,0
DA:99,0
DA:100,0
DA:101,0
DA:102,0
LF:20
LH:0
BRDA:67,0,0,0
BRDA:67,0,1,0
BRDA:74,1,0,0
BRDA:74,1,1,0
BRF:4
BRH:0
end_of_record
TN:
SF:src\modules\posts\getSortedPostsInLanguage.js
FN:4,getSortedPostsInLanguage
FN:28,(anonymous_1)
FNF:2
FNH:2
FNDA:1,getSortedPostsInLanguage
FNDA:4,(anonymous_1)
DA:5,1
DA:9,1
DA:10,7
DA:12,7
DA:13,0
DA:17,7
DA:18,1
DA:22,7
DA:23,3
DA:28,1
DA:29,4
DA:30,4
DA:32,4
DA:33,0
DA:34,4
DA:35,3
DA:37,1
LF:17
LH:15
BRDA:12,0,0,0
BRDA:12,0,1,7
BRDA:12,1,0,7
BRDA:12,1,1,1
BRDA:17,2,0,1
BRDA:17,2,1,6
BRDA:17,3,0,7
BRDA:17,3,1,4
BRDA:22,4,0,3
BRDA:22,4,1,4
BRDA:32,5,0,0
BRDA:32,5,1,4
BRDA:34,6,0,3
BRDA:34,6,1,1
BRF:14
BRH:12
end_of_record
TN:
SF:src\modules\videos\video-controls.js
FN:2,(anonymous_0)
FNF:1
FNH:0
FNDA:0,(anonymous_0)
DA:1,0
DA:2,0
LF:2
LH:0
BRF:0
BRH:0
end_of_record
TN:
SF:src\pages\about-us.vue
FN:190,(anonymous_2)
FNF:1
FNH:0
FNDA:0,(anonymous_2)
DA:184,0
DA:191,0
DA:194,0
DA:195,0
DA:197,0
LF:5
LH:0
BRF:0
BRH:0
end_of_record
TN:
SF:src\pages\contact-us.vue
FN:18,(anonymous_1)
FN:25,(anonymous_2)
FNF:2
FNH:0
FNDA:0,(anonymous_1)
FNDA:0,(anonymous_2)
DA:19,0
DA:26,0
LF:2
LH:0
BRF:0
BRH:0
end_of_record
TN:
SF:src\pages\contact-web-team.vue
FN:18,(anonymous_1)
FN:25,(anonymous_2)
FNF:2
FNH:0
FNDA:0,(anonymous_1)
FNDA:0,(anonymous_2)
DA:19,0
DA:26,0
LF:2
LH:0
BRF:0
BRH:0
end_of_record
TN:
SF:src\pages\donate.vue
FN:80,(anonymous_1)
FN:83,(anonymous_2)
FN:94,(anonymous_3)
FN:97,(anonymous_4)
FN:101,(anonymous_5)
FNF:5
FNH:0
FNDA:0,(anonymous_1)
FNDA:0,(anonymous_2)
FNDA:0,(anonymous_3)
FNDA:0,(anonymous_4)
FNDA:0,(anonymous_5)
DA:81,0
DA:84,0
DA:85,0
DA:86,0
DA:87,0
DA:88,0
DA:90,0
DA:92,0
DA:95,0
DA:98,0
DA:102,0
DA:105,0
DA:106,0
DA:108,0
LF:14
LH:0
BRDA:87,0,0,0
BRDA:87,0,1,0
BRF:2
BRH:0
end_of_record
TN:
SF:src\pages\get-involved.vue
FN:113,(anonymous_1)
FNF:1
FNH:0
FNDA:0,(anonymous_1)
DA:114,0
DA:117,0
DA:118,0
DA:120,0
LF:4
LH:0
BRF:0
BRH:0
end_of_record
TN:
SF:src\pages\index.vue
FN:171,(anonymous_1)
FN:174,(anonymous_2)
FN:175,(anonymous_3)
FN:179,(anonymous_4)
FN:183,(anonymous_5)
FNF:5
FNH:0
FNDA:0,(anonymous_1)
FNDA:0,(anonymous_2)
FNDA:0,(anonymous_3)
FNDA:0,(anonymous_4)
FNDA:0,(anonymous_5)
DA:172,0
DA:175,0
DA:180,0
DA:184,0
DA:187,0
DA:188,0
LF:6
LH:0
BRF:0
BRH:0
end_of_record
TN:
SF:src\pages\news.vue
FN:39,(anonymous_2)
FN:45,(anonymous_3)
FN:48,(anonymous_4)
FN:52,(anonymous_5)
FN:65,(anonymous_6)
FN:70,(anonymous_7)
FNF:6
FNH:0
FNDA:0,(anonymous_2)
FNDA:0,(anonymous_3)
FNDA:0,(anonymous_4)
FNDA:0,(anonymous_5)
FNDA:0,(anonymous_6)
FNDA:0,(anonymous_7)
DA:31,0
DA:32,0
DA:33,0
DA:34,0
DA:35,0
DA:40,0
DA:46,0
DA:49,0
DA:53,0
DA:54,0
DA:55,0
DA:56,0
DA:66,0
DA:67,0
DA:68,0
DA:71,0
DA:72,0
LF:17
LH:0
BRF:0
BRH:0
end_of_record
TN:
SF:src\pages\submit-group.vue
FN:18,(anonymous_1)
FN:22,(anonymous_2)
FNF:2
FNH:0
FNDA:0,(anonymous_1)
FNDA:0,(anonymous_2)
DA:19,0
DA:23,0
LF:2
LH:0
BRF:0
BRH:0
end_of_record
TN:
SF:src\pages\training.vue
FN:112,(anonymous_1)
FN:115,(anonymous_2)
FN:126,(anonymous_3)
FN:129,(anonymous_4)
FN:133,(anonymous_5)
FNF:5
FNH:0
FNDA:0,(anonymous_1)
FNDA:0,(anonymous_2)
FNDA:0,(anonymous_3)
FNDA:0,(anonymous_4)
FNDA:0,(anonymous_5)
DA:113,0
DA:116,0
DA:117,0
DA:118,0
DA:119,0
DA:120,0
DA:122,0
DA:124,0
DA:127,0
DA:130,0
DA:134,0
DA:135,0
DA:136,0
LF:13
LH:0
BRDA:119,0,0,0
BRDA:119,0,1,0
BRF:2
BRH:0
end_of_record
TN:
SF:src\pages\why-rebel.vue
FN:219,(anonymous_1)
FN:222,(anonymous_2)
FN:232,(anonymous_3)
FN:235,(anonymous_4)
FN:236,(anonymous_5)
FNF:5
FNH:0
FNDA:0,(anonymous_1)
FNDA:0,(anonymous_2)
FNDA:0,(anonymous_3)
FNDA:0,(anonymous_4)
FNDA:0,(anonymous_5)
DA:219,0
DA:223,0
DA:226,0
DA:227,0
DA:229,0
DA:233,0
DA:236,0
LF:7
LH:0
BRF:0
BRH:0
end_of_record
TN:
SF:src\pages\blog\_year\_month\_date\_slug.vue
FN:16,(anonymous_2)
FNF:1
FNH:0
FNDA:0,(anonymous_2)
DA:9,0
DA:17,0
DA:18,0
DA:19,0
DA:20,0
DA:23,0
DA:24,0
DA:28,0
DA:29,0
DA:33,0
DA:34,0
DA:37,0
LF:12
LH:0
BRDA:19,0,0,0
BRDA:19,0,1,0
BRDA:19,1,0,0
BRDA:19,1,1,0
BRDA:23,2,0,0
BRDA:23,2,1,0
BRDA:28,3,0,0
BRDA:28,3,1,0
BRDA:28,4,0,0
BRDA:28,4,1,0
BRDA:33,5,0,0
BRDA:33,5,1,0
BRF:12
BRH:0
end_of_record
TN:
SF:src\pages\event\_id.vue
FN:135,(anonymous_2)
FN:143,(anonymous_3)
FN:149,(anonymous_4)
FN:152,(anonymous_5)
FN:156,(anonymous_6)
FNF:5
FNH:0
FNDA:0,(anonymous_2)
FNDA:0,(anonymous_3)
FNDA:0,(anonymous_4)
FNDA:0,(anonymous_5)
FNDA:0,(anonymous_6)
DA:125,0
DA:126,0
DA:127,0
DA:136,0
DA:137,0
DA:138,0
DA:141,0
DA:144,0
DA:145,0
DA:147,0
DA:150,0
DA:153,0
DA:157,0
DA:158,0
DA:161,0
DA:162,0
LF:16
LH:0
BRDA:137,0,0,0
BRDA:137,0,1,0
BRDA:150,1,0,0
BRDA:150,1,1,0
BRDA:157,2,0,0
BRDA:157,2,1,0
BRF:6
BRH:0
end_of_record
TN:
SF:src\pages\groups\_group.vue
FN:184,(anonymous_2)
FN:187,(anonymous_3)
FN:191,(anonymous_4)
FN:194,(anonymous_5)
FN:197,(anonymous_6)
FN:198,(anonymous_7)
FN:205,(anonymous_9)
FN:208,(anonymous_10)
FN:211,(anonymous_11)
FN:214,(anonymous_12)
FN:234,(anonymous_13)
FNF:11
FNH:0
FNDA:0,(anonymous_2)
FNDA:0,(anonymous_3)
FNDA:0,(anonymous_4)
FNDA:0,(anonymous_5)
FNDA:0,(anonymous_6)
FNDA:0,(anonymous_7)
FNDA:0,(anonymous_9)
FNDA:0,(anonymous_10)
FNDA:0,(anonymous_11)
FNDA:0,(anonymous_12)
FNDA:0,(anonymous_13)
DA:167,0
DA:168,0
DA:169,0
DA:170,0
DA:171,0
DA:172,0
DA:173,0
DA:185,0
DA:188,0
DA:189,0
DA:192,0
DA:195,0
DA:198,0
DA:206,0
DA:209,0
DA:212,0
DA:215,0
DA:216,0
DA:218,0
DA:219,0
DA:220,0
DA:221,0
DA:223,0
DA:224,0
DA:226,0
DA:228,0
DA:235,0
DA:236,0
DA:238,0
DA:239,0
DA:242,0
DA:243,0
DA:248,0
DA:252,0
DA:253,0
LF:35
LH:0
BRDA:185,0,0,0
BRDA:185,0,1,0
BRDA:198,1,0,0
BRDA:198,1,1,0
BRDA:209,2,0,0
BRDA:209,2,1,0
BRDA:215,3,0,0
BRDA:215,3,1,0
BRDA:220,4,0,0
BRDA:220,4,1,0
BRDA:223,5,0,0
BRDA:223,5,1,0
BRDA:235,6,0,0
BRDA:235,6,1,0
BRDA:238,7,0,0
BRDA:238,7,1,0
BRDA:238,8,0,0
BRDA:238,8,1,0
BRDA:242,9,0,0
BRDA:242,9,1,0
BRDA:252,10,0,0
BRDA:252,10,1,0
BRF:22
BRH:0
end_of_record
TN:
SF:src\pages\groups\index.vue
FN:142,(anonymous_2)
FN:158,(anonymous_3)
FN:161,(anonymous_4)
FN:163,(anonymous_5)
FN:170,(anonymous_7)
FN:171,(anonymous_8)
FN:176,(anonymous_9)
FNF:7
FNH:0
FNDA:0,(anonymous_2)
FNDA:0,(anonymous_3)
FNDA:0,(anonymous_4)
FNDA:0,(anonymous_5)
FNDA:0,(anonymous_7)
FNDA:0,(anonymous_8)
FNDA:0,(anonymous_9)
DA:133,0
DA:134,0
DA:143,0
DA:154,0
DA:159,0
DA:162,0
DA:163,0
DA:171,0
DA:177,0
DA:178,0
DA:179,0
DA:182,0
DA:183,0
LF:13
LH:0
BRDA:163,0,0,0
BRDA:163,0,1,0
BRF:2
BRH:0
end_of_record
TN:
SF:src\pages\maps\_group.vue
FN:15,(anonymous_2)
FNF:1
FNH:0
FNDA:0,(anonymous_2)
DA:8,0
DA:16,0
LF:2
LH:0
BRF:0
BRH:0
end_of_record
TN:
SF:src\pages\maps\index.vue
FNF:0
FNH:0
DA:8,0
LF:1
LH:0
BRF:0
BRH:0
end_of_record
TN:
SF:src\pages\maps\_group\events.vue
FN:15,(anonymous_2)
FNF:1
FNH:0
FNDA:0,(anonymous_2)
DA:8,0
DA:16,0
LF:2
LH:0
BRF:0
BRH:0
end_of_record
TN:
SF:src\pages\maps\_group\groups.vue
FN:15,(anonymous_2)
FNF:1
FNH:0
FNDA:0,(anonymous_2)
DA:8,0
DA:16,0
LF:2
LH:0
BRF:0
BRH:0
end_of_record
TN:
SF:src\pages\press\_year\_month\_date\_slug.vue
FN:16,(anonymous_2)
FNF:1
FNH:0
FNDA:0,(anonymous_2)
DA:9,0
DA:17,0
DA:18,0
DA:19,0
DA:20,0
DA:23,0
DA:24,0
DA:28,0
DA:29,0
DA:33,0
DA:34,0
DA:37,0
LF:12
LH:0
BRDA:19,0,0,0
BRDA:19,0,1,0
BRDA:19,1,0,0
BRDA:19,1,1,0
BRDA:23,2,0,0
BRDA:23,2,1,0
BRDA:28,3,0,0
BRDA:28,3,1,0
BRDA:28,4,0,0
BRDA:28,4,1,0
BRDA:33,5,0,0
BRDA:33,5,1,0
BRF:12
BRH:0
end_of_record
TN:
SF:src\tests\vue.js
FN:9,shallowMount
FN:14,mount
FNF:2
FNH:1
FNDA:0,shallowMount
FNDA:1,mount
DA:10,0
DA:11,0
DA:15,1
DA:16,1
LF:4
LH:2
BRDA:9,0,0,0
BRDA:10,1,0,0
BRDA:10,1,1,0
BRDA:14,2,0,0
BRDA:15,3,0,1
BRDA:15,3,1,0
BRF:6
BRH:1
end_of_record
TN:
SF:src\util\date.js
FN:37,format
FN:51,formatDistanceToNow
FN:58,parseISO
FNF:3
FNH:1
FNDA:0,format
FNDA:0,formatDistanceToNow
FNDA:8,parseISO
DA:17,1
DA:30,1
DA:31,1
DA:32,0
DA:33,1
DA:34,0
DA:38,0
DA:39,0
DA:43,0
DA:44,0
DA:46,0
DA:52,0
DA:59,8
DA:60,0
DA:63,8
DA:65,8
DA:66,0
DA:69,0
DA:72,8
LF:19
LH:8
BRDA:31,0,0,0
BRDA:31,0,1,1
BRDA:31,1,0,1
BRDA:31,1,1,0
BRDA:31,1,2,0
BRDA:33,2,0,0
BRDA:33,2,1,1
BRDA:33,3,0,1
BRDA:33,3,1,1
BRDA:59,4,0,0
BRDA:59,4,1,8
BRDA:65,5,0,0
BRDA:65,5,1,8
BRF:13
BRH:7
end_of_record
